  Animation.cpp
c:\dungeongame-daniel\dungeongame\dungeongame\animation.cpp(59): warning C4838: conversion from 'float' to 'int' requires a narrowing conversion
c:\dungeongame-daniel\dungeongame\dungeongame\animation.cpp(59): warning C4244: 'initializing': conversion from 'float' to 'int', possible loss of data
  BattleLoop.cpp
  DungeonGenerator.cpp
  Enemy.cpp
c:\dungeongame-daniel\dungeongame\dungeongame\enemy.cpp(10): warning C4305: '=': truncation from 'double' to 'float'
  Entity.cpp
c:\dungeongame-daniel\dungeongame\dungeongame\entity.cpp(57): warning C4244: 'initializing': conversion from 'int' to 'float', possible loss of data
  GameLoop.cpp
c:\dungeongame-daniel\dungeongame\dungeongame\gameloop.cpp(25): warning C4244: 'argument': conversion from 'time_t' to 'unsigned int', possible loss of data
  main.cpp
c:\dungeongame-daniel\dungeongame\dungeongame\main.cpp(89): warning C4551: function call missing argument list
  Menu.cpp
c:\dungeongame-daniel\dungeongame\dungeongame\menu.cpp(73): warning C4305: 'argument': truncation from 'double' to 'float'
c:\dungeongame-daniel\dungeongame\dungeongame\menu.cpp(74): warning C4305: 'argument': truncation from 'double' to 'float'
c:\dungeongame-daniel\dungeongame\dungeongame\menu.cpp(85): warning C4244: 'initializing': conversion from 'double' to 'float', possible loss of data
c:\dungeongame-daniel\dungeongame\dungeongame\menu.cpp(208): warning C4305: 'argument': truncation from 'double' to 'float'
c:\dungeongame-daniel\dungeongame\dungeongame\menu.cpp(246): warning C4244: 'initializing': conversion from 'double' to 'float', possible loss of data
  Player.cpp
c:\dungeongame-daniel\dungeongame\dungeongame\player.cpp(10): warning C4305: '=': truncation from 'double' to 'float'
  Generating Code...
  LINK : C:\DungeonGame-Daniel\DungeonGame\Debug\DungeonGame.exe not found or not built by the last incremental link; performing full link
  DungeonGame.vcxproj -> C:\DungeonGame-Daniel\DungeonGame\Debug\DungeonGame.exe
